<?xml version="1.0" encoding="UTF-8"?>
<coverage generated="1745247140685" clover="3.2.0">
  <project timestamp="1745247140685" name="All files">
    <metrics statements="70" coveredstatements="67" conditionals="18" coveredconditionals="13" methods="28" coveredmethods="26" elements="116" coveredelements="106" complexity="0" loc="70" ncloc="70" packages="2" files="8" classes="8"/>
    <package name="components">
      <metrics statements="69" coveredstatements="66" conditionals="18" coveredconditionals="13" methods="28" coveredmethods="26"/>
      <file name="Body.js" path="D:\React Course Namaste\src\components\Body.js">
        <metrics statements="26" coveredstatements="24" conditionals="6" coveredconditionals="4" methods="10" coveredmethods="9"/>
        <line num="9" count="1" type="stmt"/>
        <line num="10" count="7" type="stmt"/>
        <line num="11" count="7" type="stmt"/>
        <line num="12" count="7" type="stmt"/>
        <line num="14" count="7" type="stmt"/>
        <line num="18" count="7" type="stmt"/>
        <line num="19" count="2" type="stmt"/>
        <line num="22" count="7" type="stmt"/>
        <line num="23" count="2" type="stmt"/>
        <line num="27" count="2" type="stmt"/>
        <line num="29" count="2" type="stmt"/>
        <line num="32" count="2" type="stmt"/>
        <line num="37" count="7" type="stmt"/>
        <line num="38" count="7" type="cond" truecount="1" falsecount="1"/>
        <line num="39" count="0" type="stmt"/>
        <line num="43" count="7" type="stmt"/>
        <line num="45" count="7" type="cond" truecount="2" falsecount="0"/>
        <line num="57" count="1" type="stmt"/>
        <line num="63" count="1" type="stmt"/>
        <line num="64" count="20" type="stmt"/>
        <line num="66" count="1" type="stmt"/>
        <line num="77" count="1" type="stmt"/>
        <line num="78" count="20" type="stmt"/>
        <line num="80" count="1" type="stmt"/>
        <line num="92" count="0" type="stmt"/>
        <line num="98" count="66" type="stmt"/>
      </file>
      <file name="Cart.jsx" path="D:\React Course Namaste\src\components\Cart.jsx">
        <metrics statements="7" coveredstatements="7" conditionals="2" coveredconditionals="2" methods="3" coveredmethods="3"/>
        <line num="5" count="1" type="stmt"/>
        <line num="6" count="8" type="stmt"/>
        <line num="7" count="4" type="stmt"/>
        <line num="9" count="4" type="stmt"/>
        <line num="11" count="4" type="stmt"/>
        <line num="12" count="1" type="stmt"/>
        <line num="15" count="4" type="stmt"/>
      </file>
      <file name="Contact.js" path="D:\React Course Namaste\src\components\Contact.js">
        <metrics statements="2" coveredstatements="2" conditionals="0" coveredconditionals="0" methods="1" coveredmethods="1"/>
        <line num="1" count="1" type="stmt"/>
        <line num="2" count="4" type="stmt"/>
      </file>
      <file name="Header.js" path="D:\React Course Namaste\src\components\Header.js">
        <metrics statements="8" coveredstatements="7" conditionals="4" coveredconditionals="1" methods="3" coveredmethods="2"/>
        <line num="8" count="1" type="stmt"/>
        <line num="9" count="4" type="stmt"/>
        <line num="11" count="4" type="stmt"/>
        <line num="13" count="4" type="stmt"/>
        <line num="17" count="8" type="stmt"/>
        <line num="18" count="4" type="stmt"/>
        <line num="20" count="4" type="stmt"/>
        <line num="56" count="0" type="cond" truecount="0" falsecount="2"/>
      </file>
      <file name="ItemList.js" path="D:\React Course Namaste\src\components\ItemList.js">
        <metrics statements="7" coveredstatements="7" conditionals="2" coveredconditionals="2" methods="4" coveredmethods="4"/>
        <line num="5" count="1" type="stmt"/>
        <line num="7" count="5" type="stmt"/>
        <line num="9" count="5" type="stmt"/>
        <line num="11" count="2" type="stmt"/>
        <line num="14" count="5" type="stmt"/>
        <line num="17" count="16" type="stmt"/>
        <line num="39" count="2" type="stmt"/>
      </file>
      <file name="RestaurantCard.js" path="D:\React Course Namaste\src\components\RestaurantCard.js">
        <metrics statements="7" coveredstatements="7" conditionals="0" coveredconditionals="0" methods="3" coveredmethods="3"/>
        <line num="3" count="2" type="stmt"/>
        <line num="4" count="67" type="stmt"/>
        <line num="7" count="67" type="stmt"/>
        <line num="9" count="67" type="stmt"/>
        <line num="34" count="2" type="stmt"/>
        <line num="35" count="7" type="stmt"/>
        <line num="36" count="66" type="stmt"/>
      </file>
      <file name="RestaurantMenu.js" path="D:\React Course Namaste\src\components\RestaurantMenu.js">
        <metrics statements="12" coveredstatements="12" conditionals="4" coveredconditionals="4" methods="4" coveredmethods="4"/>
        <line num="8" count="1" type="stmt"/>
        <line num="11" count="3" type="stmt"/>
        <line num="13" count="3" type="stmt"/>
        <line num="15" count="3" type="stmt"/>
        <line num="30" count="3" type="cond" truecount="2" falsecount="0"/>
        <line num="33" count="2" type="stmt"/>
        <line num="36" count="2" type="stmt"/>
        <line num="40" count="2" type="stmt"/>
        <line num="42" count="32" type="stmt"/>
        <line num="47" count="2" type="stmt"/>
        <line num="56" count="18" type="stmt"/>
        <line num="60" count="1" type="stmt"/>
      </file>
    </package>
    <package name="utils">
      <metrics statements="1" coveredstatements="1" conditionals="0" coveredconditionals="0" methods="0" coveredmethods="0"/>
      <file name="appStore.js" path="D:\React Course Namaste\src\utils\appStore.js">
        <metrics statements="1" coveredstatements="1" conditionals="0" coveredconditionals="0" methods="0" coveredmethods="0"/>
        <line num="4" count="1" type="stmt"/>
      </file>
    </package>
  </project>
</coverage>
