{"D:\\React Course Namaste\\src\\components\\Body.js": {"path":"D:\\React Course Namaste\\src\\components\\Body.js","statementMap":{"0":{"start":{"line":9,"column":13},"end":{"line":113,"column":1}},"1":{"start":{"line":10,"column":52},"end":{"line":10,"column":64}},"2":{"start":{"line":11,"column":54},"end":{"line":11,"column":66}},"3":{"start":{"line":12,"column":38},"end":{"line":12,"column":50}},"4":{"start":{"line":14,"column":31},"end":{"line":14,"column":62}},"5":{"start":{"line":18,"column":2},"end":{"line":20,"column":9}},"6":{"start":{"line":19,"column":4},"end":{"line":19,"column":16}},"7":{"start":{"line":22,"column":20},"end":{"line":35,"column":3}},"8":{"start":{"line":23,"column":17},"end":{"line":25,"column":5}},"9":{"start":{"line":27,"column":17},"end":{"line":27,"column":34}},"10":{"start":{"line":29,"column":4},"end":{"line":31,"column":6}},"11":{"start":{"line":32,"column":4},"end":{"line":34,"column":6}},"12":{"start":{"line":37,"column":23},"end":{"line":37,"column":40}},"13":{"start":{"line":38,"column":2},"end":{"line":41,"column":6}},"14":{"start":{"line":39,"column":4},"end":{"line":41,"column":6}},"15":{"start":{"line":43,"column":40},"end":{"line":43,"column":63}},"16":{"start":{"line":45,"column":2},"end":{"line":112,"column":4}},"17":{"start":{"line":57,"column":14},"end":{"line":57,"column":44}},"18":{"start":{"line":63,"column":41},"end":{"line":65,"column":15}},"19":{"start":{"line":64,"column":16},"end":{"line":64,"column":78}},"20":{"start":{"line":66,"column":14},"end":{"line":66,"column":56}},"21":{"start":{"line":77,"column":35},"end":{"line":79,"column":15}},"22":{"start":{"line":78,"column":25},"end":{"line":78,"column":50}},"23":{"start":{"line":80,"column":14},"end":{"line":80,"column":50}},"24":{"start":{"line":92,"column":29},"end":{"line":92,"column":56}},"25":{"start":{"line":98,"column":10},"end":{"line":108,"column":17}}},"fnMap":{"0":{"name":"(anonymous_0)","decl":{"start":{"line":9,"column":13},"end":{"line":9,"column":14}},"loc":{"start":{"line":9,"column":19},"end":{"line":113,"column":1}},"line":9},"1":{"name":"(anonymous_1)","decl":{"start":{"line":18,"column":12},"end":{"line":18,"column":13}},"loc":{"start":{"line":18,"column":18},"end":{"line":20,"column":3}},"line":18},"2":{"name":"(anonymous_2)","decl":{"start":{"line":22,"column":20},"end":{"line":22,"column":21}},"loc":{"start":{"line":22,"column":32},"end":{"line":35,"column":3}},"line":22},"3":{"name":"(anonymous_3)","decl":{"start":{"line":56,"column":22},"end":{"line":56,"column":23}},"loc":{"start":{"line":56,"column":29},"end":{"line":58,"column":13}},"line":56},"4":{"name":"(anonymous_4)","decl":{"start":{"line":62,"column":21},"end":{"line":62,"column":22}},"loc":{"start":{"line":62,"column":27},"end":{"line":67,"column":13}},"line":62},"5":{"name":"(anonymous_5)","decl":{"start":{"line":63,"column":66},"end":{"line":63,"column":67}},"loc":{"start":{"line":64,"column":16},"end":{"line":64,"column":78}},"line":64},"6":{"name":"(anonymous_6)","decl":{"start":{"line":76,"column":21},"end":{"line":76,"column":22}},"loc":{"start":{"line":76,"column":27},"end":{"line":81,"column":13}},"line":76},"7":{"name":"(anonymous_7)","decl":{"start":{"line":78,"column":16},"end":{"line":78,"column":17}},"loc":{"start":{"line":78,"column":25},"end":{"line":78,"column":50}},"line":78},"8":{"name":"(anonymous_8)","decl":{"start":{"line":92,"column":22},"end":{"line":92,"column":23}},"loc":{"start":{"line":92,"column":29},"end":{"line":92,"column":56}},"line":92},"9":{"name":"(anonymous_9)","decl":{"start":{"line":97,"column":32},"end":{"line":97,"column":33}},"loc":{"start":{"line":98,"column":10},"end":{"line":108,"column":17}},"line":98}},"branchMap":{"0":{"loc":{"start":{"line":38,"column":2},"end":{"line":41,"column":6}},"type":"if","locations":[{"start":{"line":38,"column":2},"end":{"line":41,"column":6}},{"start":{},"end":{}}],"line":38},"1":{"loc":{"start":{"line":45,"column":9},"end":{"line":112,"column":3}},"type":"cond-expr","locations":[{"start":{"line":46,"column":4},"end":{"line":46,"column":15}},{"start":{"line":48,"column":4},"end":{"line":111,"column":10}}],"line":45},"2":{"loc":{"start":{"line":103,"column":13},"end":{"line":107,"column":13}},"type":"cond-expr","locations":[{"start":{"line":104,"column":14},"end":{"line":104,"column":59}},{"start":{"line":106,"column":14},"end":{"line":106,"column":53}}],"line":103}},"s":{"0":1,"1":7,"2":7,"3":7,"4":7,"5":7,"6":2,"7":7,"8":2,"9":2,"10":2,"11":2,"12":7,"13":7,"14":0,"15":7,"16":7,"17":1,"18":1,"19":20,"20":1,"21":1,"22":20,"23":1,"24":0,"25":66},"f":{"0":7,"1":2,"2":2,"3":1,"4":1,"5":20,"6":1,"7":20,"8":0,"9":66},"b":{"0":[0,7],"1":[2,5],"2":[66,0]},"_coverageSchema":"1a1c01bbd47fc00a2c39e90264f33305004495a9","hash":"b9e8e8ece0e57f106a26e69a5d54a3e614fa13f3"}
,"D:\\React Course Namaste\\src\\components\\Cart.jsx": {"path":"D:\\React Course Namaste\\src\\components\\Cart.jsx","statementMap":{"0":{"start":{"line":5,"column":13},"end":{"line":32,"column":1}},"1":{"start":{"line":6,"column":20},"end":{"line":6,"column":60}},"2":{"start":{"line":6,"column":43},"end":{"line":6,"column":59}},"3":{"start":{"line":7,"column":2},"end":{"line":7,"column":25}},"4":{"start":{"line":9,"column":19},"end":{"line":9,"column":32}},"5":{"start":{"line":11,"column":26},"end":{"line":13,"column":3}},"6":{"start":{"line":12,"column":4},"end":{"line":12,"column":26}},"7":{"start":{"line":15,"column":2},"end":{"line":31,"column":4}}},"fnMap":{"0":{"name":"(anonymous_0)","decl":{"start":{"line":5,"column":13},"end":{"line":5,"column":14}},"loc":{"start":{"line":5,"column":19},"end":{"line":32,"column":1}},"line":5},"1":{"name":"(anonymous_1)","decl":{"start":{"line":6,"column":32},"end":{"line":6,"column":33}},"loc":{"start":{"line":6,"column":43},"end":{"line":6,"column":59}},"line":6},"2":{"name":"(anonymous_2)","decl":{"start":{"line":11,"column":26},"end":{"line":11,"column":27}},"loc":{"start":{"line":11,"column":32},"end":{"line":13,"column":3}},"line":11}},"branchMap":{"0":{"loc":{"start":{"line":25,"column":9},"end":{"line":27,"column":9}},"type":"binary-expr","locations":[{"start":{"line":25,"column":9},"end":{"line":25,"column":31}},{"start":{"line":26,"column":10},"end":{"line":26,"column":56}}],"line":25}},"s":{"0":1,"1":4,"2":8,"3":4,"4":4,"5":4,"6":1,"7":4},"f":{"0":4,"1":8,"2":1},"b":{"0":[4,2]},"_coverageSchema":"1a1c01bbd47fc00a2c39e90264f33305004495a9","hash":"f8d68e8e6281ff442c560b5d20fea4e64dcf9326"}
,"D:\\React Course Namaste\\src\\components\\Contact.js": {"path":"D:\\React Course Namaste\\src\\components\\Contact.js","statementMap":{"0":{"start":{"line":1,"column":16},"end":{"line":22,"column":1}},"1":{"start":{"line":2,"column":2},"end":{"line":21,"column":4}}},"fnMap":{"0":{"name":"(anonymous_0)","decl":{"start":{"line":1,"column":16},"end":{"line":1,"column":17}},"loc":{"start":{"line":1,"column":22},"end":{"line":22,"column":1}},"line":1}},"branchMap":{},"s":{"0":1,"1":4},"f":{"0":4},"b":{},"_coverageSchema":"1a1c01bbd47fc00a2c39e90264f33305004495a9","hash":"3ad17272bf10761d74f9809491aedea668c487d1"}
,"D:\\React Course Namaste\\src\\components\\Header.js": {"path":"D:\\React Course Namaste\\src\\components\\Header.js","statementMap":{"0":{"start":{"line":8,"column":15},"end":{"line":68,"column":1}},"1":{"start":{"line":9,"column":42},"end":{"line":9,"column":59}},"2":{"start":{"line":11,"column":23},"end":{"line":11,"column":40}},"3":{"start":{"line":13,"column":27},"end":{"line":13,"column":50}},"4":{"start":{"line":17,"column":20},"end":{"line":17,"column":60}},"5":{"start":{"line":17,"column":43},"end":{"line":17,"column":59}},"6":{"start":{"line":18,"column":2},"end":{"line":18,"column":25}},"7":{"start":{"line":20,"column":2},"end":{"line":67,"column":4}},"8":{"start":{"line":56,"column":14},"end":{"line":58,"column":43}}},"fnMap":{"0":{"name":"(anonymous_0)","decl":{"start":{"line":8,"column":15},"end":{"line":8,"column":16}},"loc":{"start":{"line":8,"column":21},"end":{"line":68,"column":1}},"line":8},"1":{"name":"(anonymous_1)","decl":{"start":{"line":17,"column":32},"end":{"line":17,"column":33}},"loc":{"start":{"line":17,"column":43},"end":{"line":17,"column":59}},"line":17},"2":{"name":"(anonymous_2)","decl":{"start":{"line":55,"column":21},"end":{"line":55,"column":22}},"loc":{"start":{"line":55,"column":27},"end":{"line":59,"column":13}},"line":55}},"branchMap":{"0":{"loc":{"start":{"line":27,"column":47},"end":{"line":27,"column":72}},"type":"cond-expr","locations":[{"start":{"line":27,"column":62},"end":{"line":27,"column":65}},{"start":{"line":27,"column":68},"end":{"line":27,"column":72}}],"line":27},"1":{"loc":{"start":{"line":56,"column":14},"end":{"line":58,"column":42}},"type":"cond-expr","locations":[{"start":{"line":57,"column":18},"end":{"line":57,"column":43}},{"start":{"line":58,"column":18},"end":{"line":58,"column":42}}],"line":56}},"s":{"0":1,"1":4,"2":4,"3":4,"4":4,"5":8,"6":4,"7":4,"8":0},"f":{"0":4,"1":8,"2":0},"b":{"0":[4,0],"1":[0,0]},"_coverageSchema":"1a1c01bbd47fc00a2c39e90264f33305004495a9","hash":"63a6fe8024199a82e2082f6833c76d0215b5b8fe"}
,"D:\\React Course Namaste\\src\\components\\ItemList.js": {"path":"D:\\React Course Namaste\\src\\components\\ItemList.js","statementMap":{"0":{"start":{"line":5,"column":17},"end":{"line":50,"column":1}},"1":{"start":{"line":7,"column":19},"end":{"line":7,"column":32}},"2":{"start":{"line":9,"column":25},"end":{"line":12,"column":3}},"3":{"start":{"line":11,"column":4},"end":{"line":11,"column":28}},"4":{"start":{"line":14,"column":2},"end":{"line":49,"column":4}},"5":{"start":{"line":17,"column":8},"end":{"line":46,"column":14}},"6":{"start":{"line":39,"column":31},"end":{"line":39,"column":51}}},"fnMap":{"0":{"name":"(anonymous_0)","decl":{"start":{"line":5,"column":17},"end":{"line":5,"column":18}},"loc":{"start":{"line":5,"column":32},"end":{"line":50,"column":1}},"line":5},"1":{"name":"(anonymous_1)","decl":{"start":{"line":9,"column":25},"end":{"line":9,"column":26}},"loc":{"start":{"line":9,"column":35},"end":{"line":12,"column":3}},"line":9},"2":{"name":"(anonymous_2)","decl":{"start":{"line":16,"column":17},"end":{"line":16,"column":18}},"loc":{"start":{"line":17,"column":8},"end":{"line":46,"column":14}},"line":17},"3":{"name":"(anonymous_3)","decl":{"start":{"line":39,"column":25},"end":{"line":39,"column":26}},"loc":{"start":{"line":39,"column":31},"end":{"line":39,"column":51}},"line":39}},"branchMap":{"0":{"loc":{"start":{"line":27,"column":17},"end":{"line":28,"column":44}},"type":"binary-expr","locations":[{"start":{"line":27,"column":17},"end":{"line":27,"column":50}},{"start":{"line":28,"column":18},"end":{"line":28,"column":44}}],"line":27}},"s":{"0":1,"1":5,"2":5,"3":2,"4":5,"5":16,"6":2},"f":{"0":5,"1":2,"2":16,"3":2},"b":{"0":[16,3]},"_coverageSchema":"1a1c01bbd47fc00a2c39e90264f33305004495a9","hash":"925419c4f16e853cd9a9bbcb1a2ce2bf50a35a2f"}
,"D:\\React Course Namaste\\src\\components\\RestaurantCard.js": {"path":"D:\\React Course Namaste\\src\\components\\RestaurantCard.js","statementMap":{"0":{"start":{"line":3,"column":23},"end":{"line":29,"column":1}},"1":{"start":{"line":4,"column":22},"end":{"line":4,"column":27}},"2":{"start":{"line":7,"column":4},"end":{"line":7,"column":17}},"3":{"start":{"line":9,"column":2},"end":{"line":28,"column":4}},"4":{"start":{"line":34,"column":31},"end":{"line":45,"column":1}},"5":{"start":{"line":35,"column":2},"end":{"line":44,"column":4}},"6":{"start":{"line":36,"column":4},"end":{"line":43,"column":6}}},"fnMap":{"0":{"name":"(anonymous_0)","decl":{"start":{"line":3,"column":23},"end":{"line":3,"column":24}},"loc":{"start":{"line":3,"column":34},"end":{"line":29,"column":1}},"line":3},"1":{"name":"(anonymous_1)","decl":{"start":{"line":34,"column":31},"end":{"line":34,"column":32}},"loc":{"start":{"line":34,"column":51},"end":{"line":45,"column":1}},"line":34},"2":{"name":"(anonymous_2)","decl":{"start":{"line":35,"column":9},"end":{"line":35,"column":10}},"loc":{"start":{"line":35,"column":20},"end":{"line":44,"column":3}},"line":35}},"branchMap":{},"s":{"0":2,"1":67,"2":67,"3":67,"4":2,"5":7,"6":66},"f":{"0":67,"1":7,"2":66},"b":{},"_coverageSchema":"1a1c01bbd47fc00a2c39e90264f33305004495a9","hash":"8a57babbe0bd19116c3a37b63e573a6c6dd48a96"}
,"D:\\React Course Namaste\\src\\components\\RestaurantMenu.js": {"path":"D:\\React Course Namaste\\src\\components\\RestaurantMenu.js","statementMap":{"0":{"start":{"line":8,"column":23},"end":{"line":77,"column":1}},"1":{"start":{"line":11,"column":20},"end":{"line":11,"column":31}},"2":{"start":{"line":13,"column":18},"end":{"line":13,"column":42}},"3":{"start":{"line":15,"column":36},"end":{"line":15,"column":50}},"4":{"start":{"line":30,"column":2},"end":{"line":30,"column":51}},"5":{"start":{"line":30,"column":24},"end":{"line":30,"column":51}},"6":{"start":{"line":33,"column":4},"end":{"line":33,"column":39}},"7":{"start":{"line":36,"column":4},"end":{"line":36,"column":79}},"8":{"start":{"line":40,"column":4},"end":{"line":44,"column":5}},"9":{"start":{"line":42,"column":8},"end":{"line":43,"column":70}},"10":{"start":{"line":47,"column":2},"end":{"line":76,"column":4}},"11":{"start":{"line":56,"column":8},"end":{"line":61,"column":10}},"12":{"start":{"line":60,"column":30},"end":{"line":60,"column":49}}},"fnMap":{"0":{"name":"(anonymous_0)","decl":{"start":{"line":8,"column":23},"end":{"line":8,"column":24}},"loc":{"start":{"line":8,"column":29},"end":{"line":77,"column":1}},"line":8},"1":{"name":"(anonymous_1)","decl":{"start":{"line":41,"column":6},"end":{"line":41,"column":7}},"loc":{"start":{"line":42,"column":8},"end":{"line":43,"column":70}},"line":42},"2":{"name":"(anonymous_2)","decl":{"start":{"line":54,"column":22},"end":{"line":54,"column":23}},"loc":{"start":{"line":56,"column":8},"end":{"line":61,"column":10}},"line":56},"3":{"name":"(anonymous_3)","decl":{"start":{"line":60,"column":24},"end":{"line":60,"column":25}},"loc":{"start":{"line":60,"column":30},"end":{"line":60,"column":49}},"line":60}},"branchMap":{"0":{"loc":{"start":{"line":30,"column":2},"end":{"line":30,"column":51}},"type":"if","locations":[{"start":{"line":30,"column":2},"end":{"line":30,"column":51}},{"start":{},"end":{}}],"line":30},"1":{"loc":{"start":{"line":59,"column":21},"end":{"line":59,"column":55}},"type":"cond-expr","locations":[{"start":{"line":59,"column":43},"end":{"line":59,"column":47}},{"start":{"line":59,"column":50},"end":{"line":59,"column":55}}],"line":59}},"s":{"0":1,"1":3,"2":3,"3":3,"4":3,"5":1,"6":2,"7":2,"8":2,"9":32,"10":2,"11":18,"12":1},"f":{"0":3,"1":32,"2":18,"3":1},"b":{"0":[1,2],"1":[1,17]},"_coverageSchema":"1a1c01bbd47fc00a2c39e90264f33305004495a9","hash":"5129b4dbeae811efca1a2b55bae31014049284ce"}
,"D:\\React Course Namaste\\src\\utils\\appStore.js": {"path":"D:\\React Course Namaste\\src\\utils\\appStore.js","statementMap":{"0":{"start":{"line":4,"column":17},"end":{"line":8,"column":2}}},"fnMap":{},"branchMap":{},"s":{"0":1},"f":{},"b":{},"_coverageSchema":"1a1c01bbd47fc00a2c39e90264f33305004495a9","hash":"a3796d6d5860c9cc58d3946da5b519a3aa68a5a1"}
}
