TN:
SF:src\components\Body.js
FN:9,(anonymous_0)
FN:18,(anonymous_1)
FN:22,(anonymous_2)
FN:56,(anonymous_3)
FN:62,(anonymous_4)
FN:63,(anonymous_5)
FN:76,(anonymous_6)
FN:78,(anonymous_7)
FN:92,(anonymous_8)
FN:97,(anonymous_9)
FNF:10
FNH:9
FNDA:7,(anonymous_0)
FNDA:2,(anonymous_1)
FNDA:2,(anonymous_2)
FNDA:1,(anonymous_3)
FNDA:1,(anonymous_4)
FNDA:20,(anonymous_5)
FNDA:1,(anonymous_6)
FNDA:20,(anonymous_7)
FNDA:0,(anonymous_8)
FNDA:66,(anonymous_9)
DA:9,1
DA:10,7
DA:11,7
DA:12,7
DA:14,7
DA:18,7
DA:19,2
DA:22,7
DA:23,2
DA:27,2
DA:29,2
DA:32,2
DA:37,7
DA:38,7
DA:39,0
DA:43,7
DA:45,7
DA:57,1
DA:63,1
DA:64,20
DA:66,1
DA:77,1
DA:78,20
DA:80,1
DA:92,0
DA:98,66
LF:26
LH:24
BRDA:38,0,0,0
BRDA:38,0,1,7
BRDA:45,1,0,2
BRDA:45,1,1,5
BRDA:103,2,0,66
BRDA:103,2,1,0
BRF:6
BRH:4
end_of_record
TN:
SF:src\components\Cart.jsx
FN:5,(anonymous_0)
FN:6,(anonymous_1)
FN:11,(anonymous_2)
FNF:3
FNH:3
FNDA:4,(anonymous_0)
FNDA:8,(anonymous_1)
FNDA:1,(anonymous_2)
DA:5,1
DA:6,8
DA:7,4
DA:9,4
DA:11,4
DA:12,1
DA:15,4
LF:7
LH:7
BRDA:25,0,0,4
BRDA:25,0,1,2
BRF:2
BRH:2
end_of_record
TN:
SF:src\components\Contact.js
FN:1,(anonymous_0)
FNF:1
FNH:1
FNDA:4,(anonymous_0)
DA:1,1
DA:2,4
LF:2
LH:2
BRF:0
BRH:0
end_of_record
TN:
SF:src\components\Header.js
FN:8,(anonymous_0)
FN:17,(anonymous_1)
FN:55,(anonymous_2)
FNF:3
FNH:2
FNDA:4,(anonymous_0)
FNDA:8,(anonymous_1)
FNDA:0,(anonymous_2)
DA:8,1
DA:9,4
DA:11,4
DA:13,4
DA:17,8
DA:18,4
DA:20,4
DA:56,0
LF:8
LH:7
BRDA:27,0,0,4
BRDA:27,0,1,0
BRDA:56,1,0,0
BRDA:56,1,1,0
BRF:4
BRH:1
end_of_record
TN:
SF:src\components\ItemList.js
FN:5,(anonymous_0)
FN:9,(anonymous_1)
FN:16,(anonymous_2)
FN:39,(anonymous_3)
FNF:4
FNH:4
FNDA:5,(anonymous_0)
FNDA:2,(anonymous_1)
FNDA:16,(anonymous_2)
FNDA:2,(anonymous_3)
DA:5,1
DA:7,5
DA:9,5
DA:11,2
DA:14,5
DA:17,16
DA:39,2
LF:7
LH:7
BRDA:27,0,0,16
BRDA:27,0,1,3
BRF:2
BRH:2
end_of_record
TN:
SF:src\components\RestaurantCard.js
FN:3,(anonymous_0)
FN:34,(anonymous_1)
FN:35,(anonymous_2)
FNF:3
FNH:3
FNDA:67,(anonymous_0)
FNDA:7,(anonymous_1)
FNDA:66,(anonymous_2)
DA:3,2
DA:4,67
DA:7,67
DA:9,67
DA:34,2
DA:35,7
DA:36,66
LF:7
LH:7
BRF:0
BRH:0
end_of_record
TN:
SF:src\components\RestaurantMenu.js
FN:8,(anonymous_0)
FN:41,(anonymous_1)
FN:54,(anonymous_2)
FN:60,(anonymous_3)
FNF:4
FNH:4
FNDA:3,(anonymous_0)
FNDA:32,(anonymous_1)
FNDA:18,(anonymous_2)
FNDA:1,(anonymous_3)
DA:8,1
DA:11,3
DA:13,3
DA:15,3
DA:30,3
DA:33,2
DA:36,2
DA:40,2
DA:42,32
DA:47,2
DA:56,18
DA:60,1
LF:12
LH:12
BRDA:30,0,0,1
BRDA:30,0,1,2
BRDA:59,1,0,1
BRDA:59,1,1,17
BRF:4
BRH:4
end_of_record
TN:
SF:src\utils\appStore.js
FNF:0
FNH:0
DA:4,1
LF:1
LH:1
BRF:0
BRH:0
end_of_record
