TN:
SF:src\components\Contact.js
FN:1,(anonymous_0)
FNF:1
FNH:1
FNDA:4,(anonymous_0)
DA:1,1
DA:2,4
LF:2
LH:2
BRF:0
BRH:0
end_of_record
TN:
SF:src\components\Header.js
FN:8,(anonymous_0)
FN:17,(anonymous_1)
FN:55,(anonymous_2)
FNF:3
FNH:3
FNDA:5,(anonymous_0)
FNDA:9,(anonymous_1)
FNDA:1,(anonymous_2)
DA:8,1
DA:9,5
DA:11,5
DA:13,5
DA:17,9
DA:18,5
DA:20,5
DA:56,1
LF:8
LH:8
BRDA:27,0,0,5
BRDA:27,0,1,0
BRDA:56,1,0,1
BRDA:56,1,1,0
BRF:4
BRH:2
end_of_record
TN:
SF:src\components\sum.js
FN:1,(anonymous_0)
FNF:1
FNH:1
FNDA:1,(anonymous_0)
DA:1,1
DA:2,1
LF:2
LH:2
BRF:0
BRH:0
end_of_record
TN:
SF:src\utils\UserContext.js
FNF:0
FNH:0
DA:3,1
LF:1
LH:1
BRF:0
BRH:0
end_of_record
TN:
SF:src\utils\appStore.js
FNF:0
FNH:0
DA:4,1
LF:1
LH:1
BRF:0
BRH:0
end_of_record
TN:
SF:src\utils\cartSlice.js
FN:9,(anonymous_0)
FN:13,(anonymous_1)
FN:16,(anonymous_2)
FNF:3
FNH:0
FNDA:0,(anonymous_0)
FNDA:0,(anonymous_1)
FNDA:0,(anonymous_2)
DA:3,1
DA:11,0
DA:14,0
DA:18,0
DA:24,1
LF:5
LH:2
BRF:0
BRH:0
end_of_record
TN:
SF:src\utils\constants.js
FNF:0
FNH:0
DA:2,1
DA:5,1
DA:9,1
LF:3
LH:3
BRF:0
BRH:0
end_of_record
TN:
SF:src\utils\useOnlineStatus.js
FN:3,(anonymous_0)
FN:7,(anonymous_1)
FN:8,(anonymous_2)
FN:12,(anonymous_3)
FNF:4
FNH:2
FNDA:5,(anonymous_0)
FNDA:4,(anonymous_1)
FNDA:0,(anonymous_2)
FNDA:0,(anonymous_3)
DA:3,1
DA:4,5
DA:7,5
DA:8,4
DA:9,0
DA:12,4
DA:13,0
DA:18,5
LF:8
LH:6
BRF:0
BRH:0
end_of_record
